Using pre-set license

 COMMAND LINE ARGUMENTS:
/Applications/Unity/Hub/Editor/2020.3.11f1c1/Unity.app/Contents/MacOS/Unity
-adb2
-batchMode
-noUpm
-name
AssetImportWorker0
-projectPath
/Volumes/鱼丸粗面/Code/Graph
-logFile
Logs/AssetImportWorker0.log
-srvPort
63854
Successfully changed project path to: /Volumes/鱼丸粗面/Code/Graph
/Volumes/鱼丸粗面/Code/Graph
Using Asset Import Pipeline V2.
Refreshing native plugins compatible for Editor in 132.81 ms, found 2 plugins.
Preloading 0 native plugins for Editor in 0.00 ms.
Initialize engine version: 2020.3.11f1c1 (77449f27ef9b)
[Subsystems] Discovering subsystems at path /Applications/Unity/Hub/Editor/2020.3.11f1c1/Unity.app/Contents/Resources/UnitySubsystems
[Subsystems] Discovering subsystems at path /Volumes/鱼丸粗面/Code/Graph/Assets
GfxDevice: creating device client; threaded=0
2021-11-21 21:15:32.580 Unity[56570:5538661] U2790B preferred device: AMD Radeon RX 5700 (high power)
2021-11-21 21:15:32.580 Unity[56570:5538661] Metal devices available: 1
2021-11-21 21:15:32.580 Unity[56570:5538661] 0: AMD Radeon RX 5700 (high power)
2021-11-21 21:15:32.581 Unity[56570:5538661] Using device AMD Radeon RX 5700 (high power)
Initializing Metal device caps: AMD Radeon RX 5700
Initialize mono
Mono path[0] = '/Applications/Unity/Hub/Editor/2020.3.11f1c1/Unity.app/Contents/Managed'
Mono path[1] = '/Applications/Unity/Hub/Editor/2020.3.11f1c1/Unity.app/Contents/MonoBleedingEdge/lib/mono/unityjit'
Mono config path = '/Applications/Unity/Hub/Editor/2020.3.11f1c1/Unity.app/Contents/MonoBleedingEdge/etc'
Using monoOptions --debugger-agent=transport=dt_socket,embedding=1,server=y,suspend=n,address=127.0.0.1:56570
Begin MonoManager ReloadAssembly
Registering precompiled unity dll's ...
Register platform support module: /Applications/Unity/Hub/Editor/2020.3.11f1c1/Unity.app/Contents/PlaybackEngines/MacStandaloneSupport/UnityEditor.OSXStandalone.Extensions.dll
Registered in 0.001632 seconds.
Native extension for OSXStandalone target not found
Refreshing native plugins compatible for Editor in 21.16 ms, found 2 plugins.
Preloading 0 native plugins for Editor in 0.00 ms.
Mono: successfully reloaded assembly
- Completed reload, in  1.547 seconds
Platform modules already initialized, skipping
Registering precompiled user dll's ...
Registered in 0.004246 seconds.
Begin MonoManager ReloadAssembly
Native extension for OSXStandalone target not found
Refreshing native plugins compatible for Editor in 0.26 ms, found 2 plugins.
Preloading 0 native plugins for Editor in 0.00 ms.
Mono: successfully reloaded assembly
- Completed reload, in  0.944 seconds
Platform modules already initialized, skipping
========================================================================
Worker process is ready to serve import requests
Launching external process: /Applications/Unity/Hub/Editor/2020.3.11f1c1/Unity.app/Contents/Tools/UnityShaderCompiler
Launched and connected shader compiler UnityShaderCompiler after 0.01 seconds
Refreshing native plugins compatible for Editor in 0.38 ms, found 2 plugins.
Preloading 0 native plugins for Editor in 0.00 ms.
Unloading 1398 Unused Serialized files (Serialized files now loaded: 0)
System memory in use before: 136.7 MB.
System memory in use after: 136.8 MB.

Unloading 18 unused Assets to reduce memory usage. Loaded Objects now: 1831.
Total: 1.483232 ms (FindLiveObjects: 0.139324 ms CreateObjectMapping: 0.030718 ms MarkObjects: 1.270138 ms  DeleteObjects: 0.042513 ms)

========================================================================
Received Import Request.
  path: Assets/Scripts/Graph/Edge.cs
  artifactKey: Guid(1eb6c68e0e3248f4a8f4ad98d559257c) Importer(815301076,1909f56bfc062723c751e8b465ee728b)
Start importing Assets/Scripts/Graph/Edge.cs using Guid(1eb6c68e0e3248f4a8f4ad98d559257c) Importer(815301076,1909f56bfc062723c751e8b465ee728b)  -> (artifact id: 'e579ee5581e926f2e9a7019985e7a6e4') in 0.273969 seconds
  Import took 0.373406 seconds .

========================================================================
Received Import Request.
  Time since last request: 0.000159 seconds.
  path: Assets/Scripts/Graph/IEdge.cs
  artifactKey: Guid(c226991c399943c0bc861f383e9d85c1) Importer(815301076,1909f56bfc062723c751e8b465ee728b)
Start importing Assets/Scripts/Graph/IEdge.cs using Guid(c226991c399943c0bc861f383e9d85c1) Importer(815301076,1909f56bfc062723c751e8b465ee728b)  -> (artifact id: '221f372bf98f10f87ff1b0ea8e962b12') in 0.001692 seconds
  Import took 0.058176 seconds .

========================================================================
Received Prepare
Registering precompiled user dll's ...
Registered in 0.001893 seconds.
Begin MonoManager ReloadAssembly
Native extension for OSXStandalone target not found
Refreshing native plugins compatible for Editor in 0.26 ms, found 2 plugins.
Preloading 0 native plugins for Editor in 0.00 ms.
Mono: successfully reloaded assembly
- Completed reload, in  0.837 seconds
Platform modules already initialized, skipping
Refreshing native plugins compatible for Editor in 0.43 ms, found 2 plugins.
Preloading 0 native plugins for Editor in 0.00 ms.
Unloading 1393 Unused Serialized files (Serialized files now loaded: 0)
System memory in use before: 141.2 MB.
System memory in use after: 141.3 MB.

Unloading 13 unused Assets to reduce memory usage. Loaded Objects now: 1834.
Total: 1.508144 ms (FindLiveObjects: 0.150288 ms CreateObjectMapping: 0.036704 ms MarkObjects: 1.309308 ms  DeleteObjects: 0.011160 ms)

========================================================================
Received Import Request.
  Time since last request: 2269.161034 seconds.
  path: Assets/Scripts/Graph/IEdge.cs
  artifactKey: Guid(c226991c399943c0bc861f383e9d85c1) Importer(815301076,1909f56bfc062723c751e8b465ee728b)
Start importing Assets/Scripts/Graph/IEdge.cs using Guid(c226991c399943c0bc861f383e9d85c1) Importer(815301076,1909f56bfc062723c751e8b465ee728b)  -> (artifact id: '1dad0c584c8f0e8f13bc53a46341fd9c') in 0.003994 seconds
  Import took 0.005904 seconds .

========================================================================
Received Import Request.
  Time since last request: 1084.545016 seconds.
  path: Assets/Scripts/Graph/Graph.cs
  artifactKey: Guid(bd6dbab5265c445479113d6a0c176ea0) Importer(815301076,1909f56bfc062723c751e8b465ee728b)
Start importing Assets/Scripts/Graph/Graph.cs using Guid(bd6dbab5265c445479113d6a0c176ea0) Importer(815301076,1909f56bfc062723c751e8b465ee728b)  -> (artifact id: '6b84dd30a0a62353c3e71bd95c886fb6') in 0.001151 seconds
  Import took 0.019566 seconds .

========================================================================
Received Import Request.
  Time since last request: 0.014385 seconds.
  path: Assets/Scripts/Graph/Graph.cs
  artifactKey: Guid(bd6dbab5265c445479113d6a0c176ea0) Importer(815301076,1909f56bfc062723c751e8b465ee728b)
Start importing Assets/Scripts/Graph/Graph.cs using Guid(bd6dbab5265c445479113d6a0c176ea0) Importer(815301076,1909f56bfc062723c751e8b465ee728b)  -> (artifact id: '6b84dd30a0a62353c3e71bd95c886fb6') in 0.001113 seconds
  Import took 0.002879 seconds .

========================================================================
Received Import Request.
  Time since last request: 1992.203841 seconds.
  path: Assets/Scripts/Graph/Graph.cs
  artifactKey: Guid(bd6dbab5265c445479113d6a0c176ea0) Importer(815301076,1909f56bfc062723c751e8b465ee728b)
Start importing Assets/Scripts/Graph/Graph.cs using Guid(bd6dbab5265c445479113d6a0c176ea0) Importer(815301076,1909f56bfc062723c751e8b465ee728b)  -> (artifact id: '6d93e5aa073923613840df36c3aab0b9') in 0.001163 seconds
  Import took 0.048790 seconds .

AssetImportWorkerClient::OnTransportError - code=2 error=End of file
