Using pre-set license

 COMMAND LINE ARGUMENTS:
/Applications/Unity/Hub/Editor/2020.3.11f1c1/Unity.app/Contents/MacOS/Unity
-adb2
-batchMode
-noUpm
-name
AssetImportWorker0
-projectPath
/Volumes/鱼丸粗面/Code/Graph
-logFile
Logs/AssetImportWorker0.log
-srvPort
60646
Successfully changed project path to: /Volumes/鱼丸粗面/Code/Graph
/Volumes/鱼丸粗面/Code/Graph
Using Asset Import Pipeline V2.
Refreshing native plugins compatible for Editor in 20.80 ms, found 2 plugins.
Preloading 0 native plugins for Editor in 0.00 ms.
Initialize engine version: 2020.3.11f1c1 (77449f27ef9b)
[Subsystems] Discovering subsystems at path /Applications/Unity/Hub/Editor/2020.3.11f1c1/Unity.app/Contents/Resources/UnitySubsystems
[Subsystems] Discovering subsystems at path /Volumes/鱼丸粗面/Code/Graph/Assets
GfxDevice: creating device client; threaded=0
2021-11-27 16:41:11.833 Unity[25225:2381566] U2790B preferred device: AMD Radeon RX 5700 (high power)
2021-11-27 16:41:11.833 Unity[25225:2381566] Metal devices available: 1
2021-11-27 16:41:11.833 Unity[25225:2381566] 0: AMD Radeon RX 5700 (high power)
2021-11-27 16:41:11.833 Unity[25225:2381566] Using device AMD Radeon RX 5700 (high power)
Initializing Metal device caps: AMD Radeon RX 5700
Initialize mono
Mono path[0] = '/Applications/Unity/Hub/Editor/2020.3.11f1c1/Unity.app/Contents/Managed'
Mono path[1] = '/Applications/Unity/Hub/Editor/2020.3.11f1c1/Unity.app/Contents/MonoBleedingEdge/lib/mono/unityjit'
Mono config path = '/Applications/Unity/Hub/Editor/2020.3.11f1c1/Unity.app/Contents/MonoBleedingEdge/etc'
Using monoOptions --debugger-agent=transport=dt_socket,embedding=1,server=y,suspend=n,address=127.0.0.1:56225
Begin MonoManager ReloadAssembly
Registering precompiled unity dll's ...
Register platform support module: /Applications/Unity/Hub/Editor/2020.3.11f1c1/Unity.app/Contents/PlaybackEngines/MacStandaloneSupport/UnityEditor.OSXStandalone.Extensions.dll
Registered in 0.000368 seconds.
Native extension for OSXStandalone target not found
Refreshing native plugins compatible for Editor in 20.49 ms, found 2 plugins.
Preloading 0 native plugins for Editor in 0.00 ms.
Mono: successfully reloaded assembly
- Completed reload, in  1.363 seconds
Platform modules already initialized, skipping
Registering precompiled user dll's ...
Registered in 0.001041 seconds.
Begin MonoManager ReloadAssembly
Native extension for OSXStandalone target not found
Refreshing native plugins compatible for Editor in 0.25 ms, found 2 plugins.
Preloading 0 native plugins for Editor in 0.00 ms.
Mono: successfully reloaded assembly
- Completed reload, in  0.883 seconds
Platform modules already initialized, skipping
========================================================================
Worker process is ready to serve import requests
Launching external process: /Applications/Unity/Hub/Editor/2020.3.11f1c1/Unity.app/Contents/Tools/UnityShaderCompiler
Launched and connected shader compiler UnityShaderCompiler after 0.01 seconds
Refreshing native plugins compatible for Editor in 0.26 ms, found 2 plugins.
Preloading 0 native plugins for Editor in 0.00 ms.
Unloading 1396 Unused Serialized files (Serialized files now loaded: 0)
System memory in use before: 136.6 MB.
System memory in use after: 136.7 MB.

Unloading 18 unused Assets to reduce memory usage. Loaded Objects now: 1829.
Total: 1.489399 ms (FindLiveObjects: 0.137731 ms CreateObjectMapping: 0.032244 ms MarkObjects: 1.273814 ms  DeleteObjects: 0.044993 ms)

========================================================================
Received Import Request.
  path: Assets/Prefabs
  artifactKey: Guid(9d358b1783fe4484998bab37a5d91c5c) Importer(815301076,1909f56bfc062723c751e8b465ee728b)
Start importing Assets/Prefabs using Guid(9d358b1783fe4484998bab37a5d91c5c) Importer(815301076,1909f56bfc062723c751e8b465ee728b)  -> (artifact id: '7578b9d37bcb3636f01ff3f904ee0214') in 0.002951 seconds
  Import took 0.004368 seconds .

========================================================================
Received Import Request.
  Time since last request: 1.544955 seconds.
  path: Assets/Scripts/Main.cs
  artifactKey: Guid(18d0edd6b33191140b93e36d2d275f43) Importer(815301076,1909f56bfc062723c751e8b465ee728b)
Start importing Assets/Scripts/Main.cs using Guid(18d0edd6b33191140b93e36d2d275f43) Importer(815301076,1909f56bfc062723c751e8b465ee728b)  -> (artifact id: '443cc20d40e17cf4bd216fa3de05fb97') in 0.268053 seconds
  Import took 0.269833 seconds .

